The system is: Linux - 4.4.0-128-generic - x86_64
Compiling the C compiler identification source file "CMakeCCompilerId.c" succeeded.
Compiler: /u/wwoods/bin/cc 
Build flags: 
Id flags:  

The output was:
0


Compilation of the C compiler identification source "CMakeCCompilerId.c" produced "a.out"

The C compiler identification is GNU, found in "/stash/tlab/wwoods/dev/job_stream/python/CMakeFiles/3.10.2/CompilerIdC/a.out"

Compiling the CXX compiler identification source file "CMakeCXXCompilerId.cpp" succeeded.
Compiler: /u/wwoods/bin/c++ 
Build flags: 
Id flags:  

The output was:
0


Compilation of the CXX compiler identification source "CMakeCXXCompilerId.cpp" produced "a.out"

The CXX compiler identification is GNU, found in "/stash/tlab/wwoods/dev/job_stream/python/CMakeFiles/3.10.2/CompilerIdCXX/a.out"

Determining if the C compiler works passed with the following output:
Change Dir: /stash/tlab/wwoods/dev/job_stream/python/CMakeFiles/CMakeTmp

Run Build Command:"/usr/bin/make" "cmTC_d3620/fast"
/usr/bin/make -f CMakeFiles/cmTC_d3620.dir/build.make CMakeFiles/cmTC_d3620.dir/build
make[1]: Entering directory '/stash/tlab/wwoods/dev/job_stream/python/CMakeFiles/CMakeTmp'
Building C object CMakeFiles/cmTC_d3620.dir/testCCompiler.c.o
/u/wwoods/bin/cc    -o CMakeFiles/cmTC_d3620.dir/testCCompiler.c.o   -c /stash/tlab/wwoods/dev/job_stream/python/CMakeFiles/CMakeTmp/testCCompiler.c
Linking C executable cmTC_d3620
/u/wwoods/.linuxbrew/Cellar/cmake/3.10.2/bin/cmake -E cmake_link_script CMakeFiles/cmTC_d3620.dir/link.txt --verbose=1
/u/wwoods/bin/cc      -rdynamic CMakeFiles/cmTC_d3620.dir/testCCompiler.c.o  -o cmTC_d3620 
make[1]: Leaving directory '/stash/tlab/wwoods/dev/job_stream/python/CMakeFiles/CMakeTmp'


Detecting C compiler ABI info compiled with the following output:
Change Dir: /stash/tlab/wwoods/dev/job_stream/python/CMakeFiles/CMakeTmp

Run Build Command:"/usr/bin/make" "cmTC_f3b83/fast"
/usr/bin/make -f CMakeFiles/cmTC_f3b83.dir/build.make CMakeFiles/cmTC_f3b83.dir/build
make[1]: Entering directory '/stash/tlab/wwoods/dev/job_stream/python/CMakeFiles/CMakeTmp'
Building C object CMakeFiles/cmTC_f3b83.dir/CMakeCCompilerABI.c.o
/u/wwoods/bin/cc    -o CMakeFiles/cmTC_f3b83.dir/CMakeCCompilerABI.c.o   -c /u/wwoods/.linuxbrew/Cellar/cmake/3.10.2/share/cmake/Modules/CMakeCCompilerABI.c
Linking C executable cmTC_f3b83
/u/wwoods/.linuxbrew/Cellar/cmake/3.10.2/bin/cmake -E cmake_link_script CMakeFiles/cmTC_f3b83.dir/link.txt --verbose=1
/u/wwoods/bin/cc     -v -rdynamic CMakeFiles/cmTC_f3b83.dir/CMakeCCompilerABI.c.o  -o cmTC_f3b83 
Reading specs from /u/wwoods/.linuxbrew/Cellar/gcc/5.5.0_4/lib/gcc/x86_64-unknown-linux-gnu/5.5.0/specs
COLLECT_GCC=/u/wwoods/bin/cc
COLLECT_LTO_WRAPPER=/u/wwoods/.linuxbrew/Cellar/gcc/5.5.0_4/libexec/gcc/x86_64-unknown-linux-gnu/5.5.0/lto-wrapper
Target: x86_64-unknown-linux-gnu
Configured with: ../configure --with-isl=/u/wwoods/opt/isl@0.18 --with-bugurl=https://github.com/Linuxbrew/homebrew-core/issues --prefix=/u/wwoods/.linuxbrew/Cellar/gcc/5.5.0_4 --enable-languages=c,c++,objc,obj-c++,fortran --program-suffix=-5 --with-gmp=/u/wwoods/opt/gmp --with-mpfr=/u/wwoods/opt/mpfr --with-mpc=/u/wwoods/opt/libmpc --enable-stage1-checking --enable-checking=release --enable-lto --with-build-config=bootstrap-debug --disable-werror --with-pkgversion='Homebrew gcc 5.5.0_4' --with-boot-ldflags='-static-libstdc++ -static-libgcc ' --disable-nls --disable-multilib
Thread model: posix
gcc version 5.5.0 (Homebrew gcc 5.5.0_4) 
COMPILER_PATH=/u/wwoods/.linuxbrew/Cellar/gcc/5.5.0_4/libexec/gcc/x86_64-unknown-linux-gnu/5.5.0/:/u/wwoods/.linuxbrew/Cellar/gcc/5.5.0_4/libexec/gcc/x86_64-unknown-linux-gnu/5.5.0/:/u/wwoods/.linuxbrew/Cellar/gcc/5.5.0_4/libexec/gcc/x86_64-unknown-linux-gnu/:/u/wwoods/.linuxbrew/Cellar/gcc/5.5.0_4/lib/gcc/x86_64-unknown-linux-gnu/5.5.0/:/u/wwoods/.linuxbrew/Cellar/gcc/5.5.0_4/lib/gcc/x86_64-unknown-linux-gnu/
LIBRARY_PATH=/u/wwoods/.linuxbrew/Cellar/gcc/5.5.0_4/lib/gcc/x86_64-unknown-linux-gnu/5.5.0/:/u/wwoods/.linuxbrew/Cellar/gcc/5.5.0_4/lib/gcc/x86_64-unknown-linux-gnu/5.5.0/../../../:/lib/x86_64-linux-gnu/:/lib/:/usr/lib/x86_64-linux-gnu/:/usr/lib/
COLLECT_GCC_OPTIONS='-v' '-rdynamic' '-o' 'cmTC_f3b83' '-mtune=generic' '-march=x86-64'
 /u/wwoods/.linuxbrew/Cellar/gcc/5.5.0_4/libexec/gcc/x86_64-unknown-linux-gnu/5.5.0/collect2 -plugin /u/wwoods/.linuxbrew/Cellar/gcc/5.5.0_4/libexec/gcc/x86_64-unknown-linux-gnu/5.5.0/liblto_plugin.so -plugin-opt=/u/wwoods/.linuxbrew/Cellar/gcc/5.5.0_4/libexec/gcc/x86_64-unknown-linux-gnu/5.5.0/lto-wrapper -plugin-opt=-fresolution=/tmp/ccmiQLxR.res -plugin-opt=-pass-through=-lgcc -plugin-opt=-pass-through=-lgcc_s -plugin-opt=-pass-through=-lc -plugin-opt=-pass-through=-lgcc -plugin-opt=-pass-through=-lgcc_s --eh-frame-hdr -m elf_x86_64 -export-dynamic -dynamic-linker /lib64/ld-linux-x86-64.so.2 --dynamic-linker /u/wwoods/lib/ld.so -rpath /u/wwoods/lib -o cmTC_f3b83 /u/wwoods/.linuxbrew/Cellar/gcc/5.5.0_4/lib/gcc/x86_64-unknown-linux-gnu/5.5.0/crt1.o /u/wwoods/.linuxbrew/Cellar/gcc/5.5.0_4/lib/gcc/x86_64-unknown-linux-gnu/5.5.0/crti.o /u/wwoods/.linuxbrew/Cellar/gcc/5.5.0_4/lib/gcc/x86_64-unknown-linux-gnu/5.5.0/crtbegin.o -L/u/wwoods/.linuxbrew/Cellar/gcc/5.5.0_4/lib/gcc/x86_64-unknown-linux-gnu/5.5.0 -L/u/wwoods/.linuxbrew/Cellar/gcc/5.5.0_4/lib/gcc/x86_64-unknown-linux-gnu/5.5.0/../../.. -L/lib/x86_64-linux-gnu -L/usr/lib/x86_64-linux-gnu -L/u/wwoods/lib CMakeFiles/cmTC_f3b83.dir/CMakeCCompilerABI.c.o -lgcc --as-needed -lgcc_s --no-as-needed -lc -lgcc --as-needed -lgcc_s --no-as-needed /u/wwoods/.linuxbrew/Cellar/gcc/5.5.0_4/lib/gcc/x86_64-unknown-linux-gnu/5.5.0/crtend.o /u/wwoods/.linuxbrew/Cellar/gcc/5.5.0_4/lib/gcc/x86_64-unknown-linux-gnu/5.5.0/crtn.o
make[1]: Leaving directory '/stash/tlab/wwoods/dev/job_stream/python/CMakeFiles/CMakeTmp'


Parsed C implicit link information from above output:
  link line regex: [^( *|.*[/\])(ld|CMAKE_LINK_STARTFILE-NOTFOUND|([^/\]+-)?ld|collect2)[^/\]*( |$)]
  ignore line: [Change Dir: /stash/tlab/wwoods/dev/job_stream/python/CMakeFiles/CMakeTmp]
  ignore line: []
  ignore line: [Run Build Command:"/usr/bin/make" "cmTC_f3b83/fast"]
  ignore line: [/usr/bin/make -f CMakeFiles/cmTC_f3b83.dir/build.make CMakeFiles/cmTC_f3b83.dir/build]
  ignore line: [make[1]: Entering directory '/stash/tlab/wwoods/dev/job_stream/python/CMakeFiles/CMakeTmp']
  ignore line: [Building C object CMakeFiles/cmTC_f3b83.dir/CMakeCCompilerABI.c.o]
  ignore line: [/u/wwoods/bin/cc    -o CMakeFiles/cmTC_f3b83.dir/CMakeCCompilerABI.c.o   -c /u/wwoods/.linuxbrew/Cellar/cmake/3.10.2/share/cmake/Modules/CMakeCCompilerABI.c]
  ignore line: [Linking C executable cmTC_f3b83]
  ignore line: [/u/wwoods/.linuxbrew/Cellar/cmake/3.10.2/bin/cmake -E cmake_link_script CMakeFiles/cmTC_f3b83.dir/link.txt --verbose=1]
  ignore line: [/u/wwoods/bin/cc     -v -rdynamic CMakeFiles/cmTC_f3b83.dir/CMakeCCompilerABI.c.o  -o cmTC_f3b83 ]
  ignore line: [Reading specs from /u/wwoods/.linuxbrew/Cellar/gcc/5.5.0_4/lib/gcc/x86_64-unknown-linux-gnu/5.5.0/specs]
  ignore line: [COLLECT_GCC=/u/wwoods/bin/cc]
  ignore line: [COLLECT_LTO_WRAPPER=/u/wwoods/.linuxbrew/Cellar/gcc/5.5.0_4/libexec/gcc/x86_64-unknown-linux-gnu/5.5.0/lto-wrapper]
  ignore line: [Target: x86_64-unknown-linux-gnu]
  ignore line: [Configured with: ../configure --with-isl=/u/wwoods/opt/isl@0.18 --with-bugurl=https://github.com/Linuxbrew/homebrew-core/issues --prefix=/u/wwoods/.linuxbrew/Cellar/gcc/5.5.0_4 --enable-languages=c,c++,objc,obj-c++,fortran --program-suffix=-5 --with-gmp=/u/wwoods/opt/gmp --with-mpfr=/u/wwoods/opt/mpfr --with-mpc=/u/wwoods/opt/libmpc --enable-stage1-checking --enable-checking=release --enable-lto --with-build-config=bootstrap-debug --disable-werror --with-pkgversion='Homebrew gcc 5.5.0_4' --with-boot-ldflags='-static-libstdc++ -static-libgcc ' --disable-nls --disable-multilib]
  ignore line: [Thread model: posix]
  ignore line: [gcc version 5.5.0 (Homebrew gcc 5.5.0_4) ]
  ignore line: [COMPILER_PATH=/u/wwoods/.linuxbrew/Cellar/gcc/5.5.0_4/libexec/gcc/x86_64-unknown-linux-gnu/5.5.0/:/u/wwoods/.linuxbrew/Cellar/gcc/5.5.0_4/libexec/gcc/x86_64-unknown-linux-gnu/5.5.0/:/u/wwoods/.linuxbrew/Cellar/gcc/5.5.0_4/libexec/gcc/x86_64-unknown-linux-gnu/:/u/wwoods/.linuxbrew/Cellar/gcc/5.5.0_4/lib/gcc/x86_64-unknown-linux-gnu/5.5.0/:/u/wwoods/.linuxbrew/Cellar/gcc/5.5.0_4/lib/gcc/x86_64-unknown-linux-gnu/]
  ignore line: [LIBRARY_PATH=/u/wwoods/.linuxbrew/Cellar/gcc/5.5.0_4/lib/gcc/x86_64-unknown-linux-gnu/5.5.0/:/u/wwoods/.linuxbrew/Cellar/gcc/5.5.0_4/lib/gcc/x86_64-unknown-linux-gnu/5.5.0/../../../:/lib/x86_64-linux-gnu/:/lib/:/usr/lib/x86_64-linux-gnu/:/usr/lib/]
  ignore line: [COLLECT_GCC_OPTIONS='-v' '-rdynamic' '-o' 'cmTC_f3b83' '-mtune=generic' '-march=x86-64']
  link line: [ /u/wwoods/.linuxbrew/Cellar/gcc/5.5.0_4/libexec/gcc/x86_64-unknown-linux-gnu/5.5.0/collect2 -plugin /u/wwoods/.linuxbrew/Cellar/gcc/5.5.0_4/libexec/gcc/x86_64-unknown-linux-gnu/5.5.0/liblto_plugin.so -plugin-opt=/u/wwoods/.linuxbrew/Cellar/gcc/5.5.0_4/libexec/gcc/x86_64-unknown-linux-gnu/5.5.0/lto-wrapper -plugin-opt=-fresolution=/tmp/ccmiQLxR.res -plugin-opt=-pass-through=-lgcc -plugin-opt=-pass-through=-lgcc_s -plugin-opt=-pass-through=-lc -plugin-opt=-pass-through=-lgcc -plugin-opt=-pass-through=-lgcc_s --eh-frame-hdr -m elf_x86_64 -export-dynamic -dynamic-linker /lib64/ld-linux-x86-64.so.2 --dynamic-linker /u/wwoods/lib/ld.so -rpath /u/wwoods/lib -o cmTC_f3b83 /u/wwoods/.linuxbrew/Cellar/gcc/5.5.0_4/lib/gcc/x86_64-unknown-linux-gnu/5.5.0/crt1.o /u/wwoods/.linuxbrew/Cellar/gcc/5.5.0_4/lib/gcc/x86_64-unknown-linux-gnu/5.5.0/crti.o /u/wwoods/.linuxbrew/Cellar/gcc/5.5.0_4/lib/gcc/x86_64-unknown-linux-gnu/5.5.0/crtbegin.o -L/u/wwoods/.linuxbrew/Cellar/gcc/5.5.0_4/lib/gcc/x86_64-unknown-linux-gnu/5.5.0 -L/u/wwoods/.linuxbrew/Cellar/gcc/5.5.0_4/lib/gcc/x86_64-unknown-linux-gnu/5.5.0/../../.. -L/lib/x86_64-linux-gnu -L/usr/lib/x86_64-linux-gnu -L/u/wwoods/lib CMakeFiles/cmTC_f3b83.dir/CMakeCCompilerABI.c.o -lgcc --as-needed -lgcc_s --no-as-needed -lc -lgcc --as-needed -lgcc_s --no-as-needed /u/wwoods/.linuxbrew/Cellar/gcc/5.5.0_4/lib/gcc/x86_64-unknown-linux-gnu/5.5.0/crtend.o /u/wwoods/.linuxbrew/Cellar/gcc/5.5.0_4/lib/gcc/x86_64-unknown-linux-gnu/5.5.0/crtn.o]
    arg [/u/wwoods/.linuxbrew/Cellar/gcc/5.5.0_4/libexec/gcc/x86_64-unknown-linux-gnu/5.5.0/collect2] ==> ignore
    arg [-plugin] ==> ignore
    arg [/u/wwoods/.linuxbrew/Cellar/gcc/5.5.0_4/libexec/gcc/x86_64-unknown-linux-gnu/5.5.0/liblto_plugin.so] ==> ignore
    arg [-plugin-opt=/u/wwoods/.linuxbrew/Cellar/gcc/5.5.0_4/libexec/gcc/x86_64-unknown-linux-gnu/5.5.0/lto-wrapper] ==> ignore
    arg [-plugin-opt=-fresolution=/tmp/ccmiQLxR.res] ==> ignore
    arg [-plugin-opt=-pass-through=-lgcc] ==> ignore
    arg [-plugin-opt=-pass-through=-lgcc_s] ==> ignore
    arg [-plugin-opt=-pass-through=-lc] ==> ignore
    arg [-plugin-opt=-pass-through=-lgcc] ==> ignore
    arg [-plugin-opt=-pass-through=-lgcc_s] ==> ignore
    arg [--eh-frame-hdr] ==> ignore
    arg [-m] ==> ignore
    arg [elf_x86_64] ==> ignore
    arg [-export-dynamic] ==> ignore
    arg [-dynamic-linker] ==> ignore
    arg [/lib64/ld-linux-x86-64.so.2] ==> ignore
    arg [--dynamic-linker] ==> ignore
    arg [/u/wwoods/lib/ld.so] ==> ignore
    arg [-rpath] ==> ignore
    arg [/u/wwoods/lib] ==> ignore
    arg [-o] ==> ignore
    arg [cmTC_f3b83] ==> ignore
    arg [/u/wwoods/.linuxbrew/Cellar/gcc/5.5.0_4/lib/gcc/x86_64-unknown-linux-gnu/5.5.0/crt1.o] ==> ignore
    arg [/u/wwoods/.linuxbrew/Cellar/gcc/5.5.0_4/lib/gcc/x86_64-unknown-linux-gnu/5.5.0/crti.o] ==> ignore
    arg [/u/wwoods/.linuxbrew/Cellar/gcc/5.5.0_4/lib/gcc/x86_64-unknown-linux-gnu/5.5.0/crtbegin.o] ==> ignore
    arg [-L/u/wwoods/.linuxbrew/Cellar/gcc/5.5.0_4/lib/gcc/x86_64-unknown-linux-gnu/5.5.0] ==> dir [/u/wwoods/.linuxbrew/Cellar/gcc/5.5.0_4/lib/gcc/x86_64-unknown-linux-gnu/5.5.0]
    arg [-L/u/wwoods/.linuxbrew/Cellar/gcc/5.5.0_4/lib/gcc/x86_64-unknown-linux-gnu/5.5.0/../../..] ==> dir [/u/wwoods/.linuxbrew/Cellar/gcc/5.5.0_4/lib/gcc/x86_64-unknown-linux-gnu/5.5.0/../../..]
    arg [-L/lib/x86_64-linux-gnu] ==> dir [/lib/x86_64-linux-gnu]
    arg [-L/usr/lib/x86_64-linux-gnu] ==> dir [/usr/lib/x86_64-linux-gnu]
    arg [-L/u/wwoods/lib] ==> dir [/u/wwoods/lib]
    arg [CMakeFiles/cmTC_f3b83.dir/CMakeCCompilerABI.c.o] ==> ignore
    arg [-lgcc] ==> lib [gcc]
    arg [--as-needed] ==> ignore
    arg [-lgcc_s] ==> lib [gcc_s]
    arg [--no-as-needed] ==> ignore
    arg [-lc] ==> lib [c]
    arg [-lgcc] ==> lib [gcc]
    arg [--as-needed] ==> ignore
    arg [-lgcc_s] ==> lib [gcc_s]
    arg [--no-as-needed] ==> ignore
    arg [/u/wwoods/.linuxbrew/Cellar/gcc/5.5.0_4/lib/gcc/x86_64-unknown-linux-gnu/5.5.0/crtend.o] ==> ignore
    arg [/u/wwoods/.linuxbrew/Cellar/gcc/5.5.0_4/lib/gcc/x86_64-unknown-linux-gnu/5.5.0/crtn.o] ==> ignore
  collapse library dir [/u/wwoods/.linuxbrew/Cellar/gcc/5.5.0_4/lib/gcc/x86_64-unknown-linux-gnu/5.5.0] ==> [/u/wwoods/.linuxbrew/Cellar/gcc/5.5.0_4/lib/gcc/x86_64-unknown-linux-gnu/5.5.0]
  collapse library dir [/u/wwoods/.linuxbrew/Cellar/gcc/5.5.0_4/lib/gcc/x86_64-unknown-linux-gnu/5.5.0/../../..] ==> [/u/wwoods/.linuxbrew/Cellar/gcc/5.5.0_4/lib]
  collapse library dir [/lib/x86_64-linux-gnu] ==> [/lib/x86_64-linux-gnu]
  collapse library dir [/usr/lib/x86_64-linux-gnu] ==> [/usr/lib/x86_64-linux-gnu]
  collapse library dir [/u/wwoods/lib] ==> [/u/wwoods/lib]
  implicit libs: [gcc;gcc_s;c;gcc;gcc_s]
  implicit dirs: [/u/wwoods/.linuxbrew/Cellar/gcc/5.5.0_4/lib/gcc/x86_64-unknown-linux-gnu/5.5.0;/u/wwoods/.linuxbrew/Cellar/gcc/5.5.0_4/lib;/lib/x86_64-linux-gnu;/usr/lib/x86_64-linux-gnu;/u/wwoods/lib]
  implicit fwks: []




Detecting C [-std=c11] compiler features compiled with the following output:
Change Dir: /stash/tlab/wwoods/dev/job_stream/python/CMakeFiles/CMakeTmp

Run Build Command:"/usr/bin/make" "cmTC_94542/fast"
/usr/bin/make -f CMakeFiles/cmTC_94542.dir/build.make CMakeFiles/cmTC_94542.dir/build
make[1]: Entering directory '/stash/tlab/wwoods/dev/job_stream/python/CMakeFiles/CMakeTmp'
Building C object CMakeFiles/cmTC_94542.dir/feature_tests.c.o
/u/wwoods/bin/cc   -std=c11 -o CMakeFiles/cmTC_94542.dir/feature_tests.c.o   -c /stash/tlab/wwoods/dev/job_stream/python/CMakeFiles/feature_tests.c
Linking C executable cmTC_94542
/u/wwoods/.linuxbrew/Cellar/cmake/3.10.2/bin/cmake -E cmake_link_script CMakeFiles/cmTC_94542.dir/link.txt --verbose=1
/u/wwoods/bin/cc      -rdynamic CMakeFiles/cmTC_94542.dir/feature_tests.c.o  -o cmTC_94542 
make[1]: Leaving directory '/stash/tlab/wwoods/dev/job_stream/python/CMakeFiles/CMakeTmp'


    Feature record: C_FEATURE:1c_function_prototypes
    Feature record: C_FEATURE:1c_restrict
    Feature record: C_FEATURE:1c_static_assert
    Feature record: C_FEATURE:1c_variadic_macros


Detecting C [-std=c99] compiler features compiled with the following output:
Change Dir: /stash/tlab/wwoods/dev/job_stream/python/CMakeFiles/CMakeTmp

Run Build Command:"/usr/bin/make" "cmTC_520ec/fast"
/usr/bin/make -f CMakeFiles/cmTC_520ec.dir/build.make CMakeFiles/cmTC_520ec.dir/build
make[1]: Entering directory '/stash/tlab/wwoods/dev/job_stream/python/CMakeFiles/CMakeTmp'
Building C object CMakeFiles/cmTC_520ec.dir/feature_tests.c.o
/u/wwoods/bin/cc   -std=c99 -o CMakeFiles/cmTC_520ec.dir/feature_tests.c.o   -c /stash/tlab/wwoods/dev/job_stream/python/CMakeFiles/feature_tests.c
Linking C executable cmTC_520ec
/u/wwoods/.linuxbrew/Cellar/cmake/3.10.2/bin/cmake -E cmake_link_script CMakeFiles/cmTC_520ec.dir/link.txt --verbose=1
/u/wwoods/bin/cc      -rdynamic CMakeFiles/cmTC_520ec.dir/feature_tests.c.o  -o cmTC_520ec 
make[1]: Leaving directory '/stash/tlab/wwoods/dev/job_stream/python/CMakeFiles/CMakeTmp'


    Feature record: C_FEATURE:1c_function_prototypes
    Feature record: C_FEATURE:1c_restrict
    Feature record: C_FEATURE:0c_static_assert
    Feature record: C_FEATURE:1c_variadic_macros


Detecting C [-std=c90] compiler features compiled with the following output:
Change Dir: /stash/tlab/wwoods/dev/job_stream/python/CMakeFiles/CMakeTmp

Run Build Command:"/usr/bin/make" "cmTC_ca076/fast"
/usr/bin/make -f CMakeFiles/cmTC_ca076.dir/build.make CMakeFiles/cmTC_ca076.dir/build
make[1]: Entering directory '/stash/tlab/wwoods/dev/job_stream/python/CMakeFiles/CMakeTmp'
Building C object CMakeFiles/cmTC_ca076.dir/feature_tests.c.o
/u/wwoods/bin/cc   -std=c90 -o CMakeFiles/cmTC_ca076.dir/feature_tests.c.o   -c /stash/tlab/wwoods/dev/job_stream/python/CMakeFiles/feature_tests.c
Linking C executable cmTC_ca076
/u/wwoods/.linuxbrew/Cellar/cmake/3.10.2/bin/cmake -E cmake_link_script CMakeFiles/cmTC_ca076.dir/link.txt --verbose=1
/u/wwoods/bin/cc      -rdynamic CMakeFiles/cmTC_ca076.dir/feature_tests.c.o  -o cmTC_ca076 
make[1]: Leaving directory '/stash/tlab/wwoods/dev/job_stream/python/CMakeFiles/CMakeTmp'


    Feature record: C_FEATURE:1c_function_prototypes
    Feature record: C_FEATURE:0c_restrict
    Feature record: C_FEATURE:0c_static_assert
    Feature record: C_FEATURE:0c_variadic_macros
Determining if the CXX compiler works passed with the following output:
Change Dir: /stash/tlab/wwoods/dev/job_stream/python/CMakeFiles/CMakeTmp

Run Build Command:"/usr/bin/make" "cmTC_2f4e5/fast"
/usr/bin/make -f CMakeFiles/cmTC_2f4e5.dir/build.make CMakeFiles/cmTC_2f4e5.dir/build
make[1]: Entering directory '/stash/tlab/wwoods/dev/job_stream/python/CMakeFiles/CMakeTmp'
Building CXX object CMakeFiles/cmTC_2f4e5.dir/testCXXCompiler.cxx.o
/u/wwoods/bin/c++     -o CMakeFiles/cmTC_2f4e5.dir/testCXXCompiler.cxx.o -c /stash/tlab/wwoods/dev/job_stream/python/CMakeFiles/CMakeTmp/testCXXCompiler.cxx
Linking CXX executable cmTC_2f4e5
/u/wwoods/.linuxbrew/Cellar/cmake/3.10.2/bin/cmake -E cmake_link_script CMakeFiles/cmTC_2f4e5.dir/link.txt --verbose=1
/u/wwoods/bin/c++       -rdynamic CMakeFiles/cmTC_2f4e5.dir/testCXXCompiler.cxx.o  -o cmTC_2f4e5 
make[1]: Leaving directory '/stash/tlab/wwoods/dev/job_stream/python/CMakeFiles/CMakeTmp'


Detecting CXX compiler ABI info compiled with the following output:
Change Dir: /stash/tlab/wwoods/dev/job_stream/python/CMakeFiles/CMakeTmp

Run Build Command:"/usr/bin/make" "cmTC_80156/fast"
/usr/bin/make -f CMakeFiles/cmTC_80156.dir/build.make CMakeFiles/cmTC_80156.dir/build
make[1]: Entering directory '/stash/tlab/wwoods/dev/job_stream/python/CMakeFiles/CMakeTmp'
Building CXX object CMakeFiles/cmTC_80156.dir/CMakeCXXCompilerABI.cpp.o
/u/wwoods/bin/c++     -o CMakeFiles/cmTC_80156.dir/CMakeCXXCompilerABI.cpp.o -c /u/wwoods/.linuxbrew/Cellar/cmake/3.10.2/share/cmake/Modules/CMakeCXXCompilerABI.cpp
Linking CXX executable cmTC_80156
/u/wwoods/.linuxbrew/Cellar/cmake/3.10.2/bin/cmake -E cmake_link_script CMakeFiles/cmTC_80156.dir/link.txt --verbose=1
/u/wwoods/bin/c++      -v -rdynamic CMakeFiles/cmTC_80156.dir/CMakeCXXCompilerABI.cpp.o  -o cmTC_80156 
Reading specs from /u/wwoods/.linuxbrew/Cellar/gcc/5.5.0_4/lib/gcc/x86_64-unknown-linux-gnu/5.5.0/specs
COLLECT_GCC=/u/wwoods/bin/c++
COLLECT_LTO_WRAPPER=/u/wwoods/.linuxbrew/Cellar/gcc/5.5.0_4/libexec/gcc/x86_64-unknown-linux-gnu/5.5.0/lto-wrapper
Target: x86_64-unknown-linux-gnu
Configured with: ../configure --with-isl=/u/wwoods/opt/isl@0.18 --with-bugurl=https://github.com/Linuxbrew/homebrew-core/issues --prefix=/u/wwoods/.linuxbrew/Cellar/gcc/5.5.0_4 --enable-languages=c,c++,objc,obj-c++,fortran --program-suffix=-5 --with-gmp=/u/wwoods/opt/gmp --with-mpfr=/u/wwoods/opt/mpfr --with-mpc=/u/wwoods/opt/libmpc --enable-stage1-checking --enable-checking=release --enable-lto --with-build-config=bootstrap-debug --disable-werror --with-pkgversion='Homebrew gcc 5.5.0_4' --with-boot-ldflags='-static-libstdc++ -static-libgcc ' --disable-nls --disable-multilib
Thread model: posix
gcc version 5.5.0 (Homebrew gcc 5.5.0_4) 
COMPILER_PATH=/u/wwoods/.linuxbrew/Cellar/gcc/5.5.0_4/libexec/gcc/x86_64-unknown-linux-gnu/5.5.0/:/u/wwoods/.linuxbrew/Cellar/gcc/5.5.0_4/libexec/gcc/x86_64-unknown-linux-gnu/5.5.0/:/u/wwoods/.linuxbrew/Cellar/gcc/5.5.0_4/libexec/gcc/x86_64-unknown-linux-gnu/:/u/wwoods/.linuxbrew/Cellar/gcc/5.5.0_4/lib/gcc/x86_64-unknown-linux-gnu/5.5.0/:/u/wwoods/.linuxbrew/Cellar/gcc/5.5.0_4/lib/gcc/x86_64-unknown-linux-gnu/
LIBRARY_PATH=/u/wwoods/.linuxbrew/Cellar/gcc/5.5.0_4/lib/gcc/x86_64-unknown-linux-gnu/5.5.0/:/u/wwoods/.linuxbrew/Cellar/gcc/5.5.0_4/lib/gcc/x86_64-unknown-linux-gnu/5.5.0/../../../:/lib/x86_64-linux-gnu/:/lib/:/usr/lib/x86_64-linux-gnu/:/usr/lib/
COLLECT_GCC_OPTIONS='-v' '-rdynamic' '-o' 'cmTC_80156' '-shared-libgcc' '-mtune=generic' '-march=x86-64'
 /u/wwoods/.linuxbrew/Cellar/gcc/5.5.0_4/libexec/gcc/x86_64-unknown-linux-gnu/5.5.0/collect2 -plugin /u/wwoods/.linuxbrew/Cellar/gcc/5.5.0_4/libexec/gcc/x86_64-unknown-linux-gnu/5.5.0/liblto_plugin.so -plugin-opt=/u/wwoods/.linuxbrew/Cellar/gcc/5.5.0_4/libexec/gcc/x86_64-unknown-linux-gnu/5.5.0/lto-wrapper -plugin-opt=-fresolution=/tmp/ccrrxuVm.res -plugin-opt=-pass-through=-lgcc_s -plugin-opt=-pass-through=-lgcc -plugin-opt=-pass-through=-lc -plugin-opt=-pass-through=-lgcc_s -plugin-opt=-pass-through=-lgcc --eh-frame-hdr -m elf_x86_64 -export-dynamic -dynamic-linker /lib64/ld-linux-x86-64.so.2 --dynamic-linker /u/wwoods/lib/ld.so -rpath /u/wwoods/lib -o cmTC_80156 /u/wwoods/.linuxbrew/Cellar/gcc/5.5.0_4/lib/gcc/x86_64-unknown-linux-gnu/5.5.0/crt1.o /u/wwoods/.linuxbrew/Cellar/gcc/5.5.0_4/lib/gcc/x86_64-unknown-linux-gnu/5.5.0/crti.o /u/wwoods/.linuxbrew/Cellar/gcc/5.5.0_4/lib/gcc/x86_64-unknown-linux-gnu/5.5.0/crtbegin.o -L/u/wwoods/.linuxbrew/Cellar/gcc/5.5.0_4/lib/gcc/x86_64-unknown-linux-gnu/5.5.0 -L/u/wwoods/.linuxbrew/Cellar/gcc/5.5.0_4/lib/gcc/x86_64-unknown-linux-gnu/5.5.0/../../.. -L/lib/x86_64-linux-gnu -L/usr/lib/x86_64-linux-gnu -L/u/wwoods/lib CMakeFiles/cmTC_80156.dir/CMakeCXXCompilerABI.cpp.o -lstdc++ -lm -lgcc_s -lgcc -lc -lgcc_s -lgcc /u/wwoods/.linuxbrew/Cellar/gcc/5.5.0_4/lib/gcc/x86_64-unknown-linux-gnu/5.5.0/crtend.o /u/wwoods/.linuxbrew/Cellar/gcc/5.5.0_4/lib/gcc/x86_64-unknown-linux-gnu/5.5.0/crtn.o
make[1]: Leaving directory '/stash/tlab/wwoods/dev/job_stream/python/CMakeFiles/CMakeTmp'


Parsed CXX implicit link information from above output:
  link line regex: [^( *|.*[/\])(ld|CMAKE_LINK_STARTFILE-NOTFOUND|([^/\]+-)?ld|collect2)[^/\]*( |$)]
  ignore line: [Change Dir: /stash/tlab/wwoods/dev/job_stream/python/CMakeFiles/CMakeTmp]
  ignore line: []
  ignore line: [Run Build Command:"/usr/bin/make" "cmTC_80156/fast"]
  ignore line: [/usr/bin/make -f CMakeFiles/cmTC_80156.dir/build.make CMakeFiles/cmTC_80156.dir/build]
  ignore line: [make[1]: Entering directory '/stash/tlab/wwoods/dev/job_stream/python/CMakeFiles/CMakeTmp']
  ignore line: [Building CXX object CMakeFiles/cmTC_80156.dir/CMakeCXXCompilerABI.cpp.o]
  ignore line: [/u/wwoods/bin/c++     -o CMakeFiles/cmTC_80156.dir/CMakeCXXCompilerABI.cpp.o -c /u/wwoods/.linuxbrew/Cellar/cmake/3.10.2/share/cmake/Modules/CMakeCXXCompilerABI.cpp]
  ignore line: [Linking CXX executable cmTC_80156]
  ignore line: [/u/wwoods/.linuxbrew/Cellar/cmake/3.10.2/bin/cmake -E cmake_link_script CMakeFiles/cmTC_80156.dir/link.txt --verbose=1]
  ignore line: [/u/wwoods/bin/c++      -v -rdynamic CMakeFiles/cmTC_80156.dir/CMakeCXXCompilerABI.cpp.o  -o cmTC_80156 ]
  ignore line: [Reading specs from /u/wwoods/.linuxbrew/Cellar/gcc/5.5.0_4/lib/gcc/x86_64-unknown-linux-gnu/5.5.0/specs]
  ignore line: [COLLECT_GCC=/u/wwoods/bin/c++]
  ignore line: [COLLECT_LTO_WRAPPER=/u/wwoods/.linuxbrew/Cellar/gcc/5.5.0_4/libexec/gcc/x86_64-unknown-linux-gnu/5.5.0/lto-wrapper]
  ignore line: [Target: x86_64-unknown-linux-gnu]
  ignore line: [Configured with: ../configure --with-isl=/u/wwoods/opt/isl@0.18 --with-bugurl=https://github.com/Linuxbrew/homebrew-core/issues --prefix=/u/wwoods/.linuxbrew/Cellar/gcc/5.5.0_4 --enable-languages=c,c++,objc,obj-c++,fortran --program-suffix=-5 --with-gmp=/u/wwoods/opt/gmp --with-mpfr=/u/wwoods/opt/mpfr --with-mpc=/u/wwoods/opt/libmpc --enable-stage1-checking --enable-checking=release --enable-lto --with-build-config=bootstrap-debug --disable-werror --with-pkgversion='Homebrew gcc 5.5.0_4' --with-boot-ldflags='-static-libstdc++ -static-libgcc ' --disable-nls --disable-multilib]
  ignore line: [Thread model: posix]
  ignore line: [gcc version 5.5.0 (Homebrew gcc 5.5.0_4) ]
  ignore line: [COMPILER_PATH=/u/wwoods/.linuxbrew/Cellar/gcc/5.5.0_4/libexec/gcc/x86_64-unknown-linux-gnu/5.5.0/:/u/wwoods/.linuxbrew/Cellar/gcc/5.5.0_4/libexec/gcc/x86_64-unknown-linux-gnu/5.5.0/:/u/wwoods/.linuxbrew/Cellar/gcc/5.5.0_4/libexec/gcc/x86_64-unknown-linux-gnu/:/u/wwoods/.linuxbrew/Cellar/gcc/5.5.0_4/lib/gcc/x86_64-unknown-linux-gnu/5.5.0/:/u/wwoods/.linuxbrew/Cellar/gcc/5.5.0_4/lib/gcc/x86_64-unknown-linux-gnu/]
  ignore line: [LIBRARY_PATH=/u/wwoods/.linuxbrew/Cellar/gcc/5.5.0_4/lib/gcc/x86_64-unknown-linux-gnu/5.5.0/:/u/wwoods/.linuxbrew/Cellar/gcc/5.5.0_4/lib/gcc/x86_64-unknown-linux-gnu/5.5.0/../../../:/lib/x86_64-linux-gnu/:/lib/:/usr/lib/x86_64-linux-gnu/:/usr/lib/]
  ignore line: [COLLECT_GCC_OPTIONS='-v' '-rdynamic' '-o' 'cmTC_80156' '-shared-libgcc' '-mtune=generic' '-march=x86-64']
  link line: [ /u/wwoods/.linuxbrew/Cellar/gcc/5.5.0_4/libexec/gcc/x86_64-unknown-linux-gnu/5.5.0/collect2 -plugin /u/wwoods/.linuxbrew/Cellar/gcc/5.5.0_4/libexec/gcc/x86_64-unknown-linux-gnu/5.5.0/liblto_plugin.so -plugin-opt=/u/wwoods/.linuxbrew/Cellar/gcc/5.5.0_4/libexec/gcc/x86_64-unknown-linux-gnu/5.5.0/lto-wrapper -plugin-opt=-fresolution=/tmp/ccrrxuVm.res -plugin-opt=-pass-through=-lgcc_s -plugin-opt=-pass-through=-lgcc -plugin-opt=-pass-through=-lc -plugin-opt=-pass-through=-lgcc_s -plugin-opt=-pass-through=-lgcc --eh-frame-hdr -m elf_x86_64 -export-dynamic -dynamic-linker /lib64/ld-linux-x86-64.so.2 --dynamic-linker /u/wwoods/lib/ld.so -rpath /u/wwoods/lib -o cmTC_80156 /u/wwoods/.linuxbrew/Cellar/gcc/5.5.0_4/lib/gcc/x86_64-unknown-linux-gnu/5.5.0/crt1.o /u/wwoods/.linuxbrew/Cellar/gcc/5.5.0_4/lib/gcc/x86_64-unknown-linux-gnu/5.5.0/crti.o /u/wwoods/.linuxbrew/Cellar/gcc/5.5.0_4/lib/gcc/x86_64-unknown-linux-gnu/5.5.0/crtbegin.o -L/u/wwoods/.linuxbrew/Cellar/gcc/5.5.0_4/lib/gcc/x86_64-unknown-linux-gnu/5.5.0 -L/u/wwoods/.linuxbrew/Cellar/gcc/5.5.0_4/lib/gcc/x86_64-unknown-linux-gnu/5.5.0/../../.. -L/lib/x86_64-linux-gnu -L/usr/lib/x86_64-linux-gnu -L/u/wwoods/lib CMakeFiles/cmTC_80156.dir/CMakeCXXCompilerABI.cpp.o -lstdc++ -lm -lgcc_s -lgcc -lc -lgcc_s -lgcc /u/wwoods/.linuxbrew/Cellar/gcc/5.5.0_4/lib/gcc/x86_64-unknown-linux-gnu/5.5.0/crtend.o /u/wwoods/.linuxbrew/Cellar/gcc/5.5.0_4/lib/gcc/x86_64-unknown-linux-gnu/5.5.0/crtn.o]
    arg [/u/wwoods/.linuxbrew/Cellar/gcc/5.5.0_4/libexec/gcc/x86_64-unknown-linux-gnu/5.5.0/collect2] ==> ignore
    arg [-plugin] ==> ignore
    arg [/u/wwoods/.linuxbrew/Cellar/gcc/5.5.0_4/libexec/gcc/x86_64-unknown-linux-gnu/5.5.0/liblto_plugin.so] ==> ignore
    arg [-plugin-opt=/u/wwoods/.linuxbrew/Cellar/gcc/5.5.0_4/libexec/gcc/x86_64-unknown-linux-gnu/5.5.0/lto-wrapper] ==> ignore
    arg [-plugin-opt=-fresolution=/tmp/ccrrxuVm.res] ==> ignore
    arg [-plugin-opt=-pass-through=-lgcc_s] ==> ignore
    arg [-plugin-opt=-pass-through=-lgcc] ==> ignore
    arg [-plugin-opt=-pass-through=-lc] ==> ignore
    arg [-plugin-opt=-pass-through=-lgcc_s] ==> ignore
    arg [-plugin-opt=-pass-through=-lgcc] ==> ignore
    arg [--eh-frame-hdr] ==> ignore
    arg [-m] ==> ignore
    arg [elf_x86_64] ==> ignore
    arg [-export-dynamic] ==> ignore
    arg [-dynamic-linker] ==> ignore
    arg [/lib64/ld-linux-x86-64.so.2] ==> ignore
    arg [--dynamic-linker] ==> ignore
    arg [/u/wwoods/lib/ld.so] ==> ignore
    arg [-rpath] ==> ignore
    arg [/u/wwoods/lib] ==> ignore
    arg [-o] ==> ignore
    arg [cmTC_80156] ==> ignore
    arg [/u/wwoods/.linuxbrew/Cellar/gcc/5.5.0_4/lib/gcc/x86_64-unknown-linux-gnu/5.5.0/crt1.o] ==> ignore
    arg [/u/wwoods/.linuxbrew/Cellar/gcc/5.5.0_4/lib/gcc/x86_64-unknown-linux-gnu/5.5.0/crti.o] ==> ignore
    arg [/u/wwoods/.linuxbrew/Cellar/gcc/5.5.0_4/lib/gcc/x86_64-unknown-linux-gnu/5.5.0/crtbegin.o] ==> ignore
    arg [-L/u/wwoods/.linuxbrew/Cellar/gcc/5.5.0_4/lib/gcc/x86_64-unknown-linux-gnu/5.5.0] ==> dir [/u/wwoods/.linuxbrew/Cellar/gcc/5.5.0_4/lib/gcc/x86_64-unknown-linux-gnu/5.5.0]
    arg [-L/u/wwoods/.linuxbrew/Cellar/gcc/5.5.0_4/lib/gcc/x86_64-unknown-linux-gnu/5.5.0/../../..] ==> dir [/u/wwoods/.linuxbrew/Cellar/gcc/5.5.0_4/lib/gcc/x86_64-unknown-linux-gnu/5.5.0/../../..]
    arg [-L/lib/x86_64-linux-gnu] ==> dir [/lib/x86_64-linux-gnu]
    arg [-L/usr/lib/x86_64-linux-gnu] ==> dir [/usr/lib/x86_64-linux-gnu]
    arg [-L/u/wwoods/lib] ==> dir [/u/wwoods/lib]
    arg [CMakeFiles/cmTC_80156.dir/CMakeCXXCompilerABI.cpp.o] ==> ignore
    arg [-lstdc++] ==> lib [stdc++]
    arg [-lm] ==> lib [m]
    arg [-lgcc_s] ==> lib [gcc_s]
    arg [-lgcc] ==> lib [gcc]
    arg [-lc] ==> lib [c]
    arg [-lgcc_s] ==> lib [gcc_s]
    arg [-lgcc] ==> lib [gcc]
    arg [/u/wwoods/.linuxbrew/Cellar/gcc/5.5.0_4/lib/gcc/x86_64-unknown-linux-gnu/5.5.0/crtend.o] ==> ignore
    arg [/u/wwoods/.linuxbrew/Cellar/gcc/5.5.0_4/lib/gcc/x86_64-unknown-linux-gnu/5.5.0/crtn.o] ==> ignore
  collapse library dir [/u/wwoods/.linuxbrew/Cellar/gcc/5.5.0_4/lib/gcc/x86_64-unknown-linux-gnu/5.5.0] ==> [/u/wwoods/.linuxbrew/Cellar/gcc/5.5.0_4/lib/gcc/x86_64-unknown-linux-gnu/5.5.0]
  collapse library dir [/u/wwoods/.linuxbrew/Cellar/gcc/5.5.0_4/lib/gcc/x86_64-unknown-linux-gnu/5.5.0/../../..] ==> [/u/wwoods/.linuxbrew/Cellar/gcc/5.5.0_4/lib]
  collapse library dir [/lib/x86_64-linux-gnu] ==> [/lib/x86_64-linux-gnu]
  collapse library dir [/usr/lib/x86_64-linux-gnu] ==> [/usr/lib/x86_64-linux-gnu]
  collapse library dir [/u/wwoods/lib] ==> [/u/wwoods/lib]
  implicit libs: [stdc++;m;gcc_s;gcc;c;gcc_s;gcc]
  implicit dirs: [/u/wwoods/.linuxbrew/Cellar/gcc/5.5.0_4/lib/gcc/x86_64-unknown-linux-gnu/5.5.0;/u/wwoods/.linuxbrew/Cellar/gcc/5.5.0_4/lib;/lib/x86_64-linux-gnu;/usr/lib/x86_64-linux-gnu;/u/wwoods/lib]
  implicit fwks: []




Detecting CXX [-std=c++1z] compiler features compiled with the following output:
Change Dir: /stash/tlab/wwoods/dev/job_stream/python/CMakeFiles/CMakeTmp

Run Build Command:"/usr/bin/make" "cmTC_c47f8/fast"
/usr/bin/make -f CMakeFiles/cmTC_c47f8.dir/build.make CMakeFiles/cmTC_c47f8.dir/build
make[1]: Entering directory '/stash/tlab/wwoods/dev/job_stream/python/CMakeFiles/CMakeTmp'
Building CXX object CMakeFiles/cmTC_c47f8.dir/feature_tests.cxx.o
/u/wwoods/bin/c++    -std=c++1z -o CMakeFiles/cmTC_c47f8.dir/feature_tests.cxx.o -c /stash/tlab/wwoods/dev/job_stream/python/CMakeFiles/feature_tests.cxx
Linking CXX executable cmTC_c47f8
/u/wwoods/.linuxbrew/Cellar/cmake/3.10.2/bin/cmake -E cmake_link_script CMakeFiles/cmTC_c47f8.dir/link.txt --verbose=1
/u/wwoods/bin/c++       -rdynamic CMakeFiles/cmTC_c47f8.dir/feature_tests.cxx.o  -o cmTC_c47f8 
make[1]: Leaving directory '/stash/tlab/wwoods/dev/job_stream/python/CMakeFiles/CMakeTmp'


    Feature record: CXX_FEATURE:1cxx_aggregate_default_initializers
    Feature record: CXX_FEATURE:1cxx_alias_templates
    Feature record: CXX_FEATURE:1cxx_alignas
    Feature record: CXX_FEATURE:1cxx_alignof
    Feature record: CXX_FEATURE:1cxx_attributes
    Feature record: CXX_FEATURE:1cxx_attribute_deprecated
    Feature record: CXX_FEATURE:1cxx_auto_type
    Feature record: CXX_FEATURE:1cxx_binary_literals
    Feature record: CXX_FEATURE:1cxx_constexpr
    Feature record: CXX_FEATURE:1cxx_contextual_conversions
    Feature record: CXX_FEATURE:1cxx_decltype
    Feature record: CXX_FEATURE:1cxx_decltype_auto
    Feature record: CXX_FEATURE:1cxx_decltype_incomplete_return_types
    Feature record: CXX_FEATURE:1cxx_default_function_template_args
    Feature record: CXX_FEATURE:1cxx_defaulted_functions
    Feature record: CXX_FEATURE:1cxx_defaulted_move_initializers
    Feature record: CXX_FEATURE:1cxx_delegating_constructors
    Feature record: CXX_FEATURE:1cxx_deleted_functions
    Feature record: CXX_FEATURE:1cxx_digit_separators
    Feature record: CXX_FEATURE:1cxx_enum_forward_declarations
    Feature record: CXX_FEATURE:1cxx_explicit_conversions
    Feature record: CXX_FEATURE:1cxx_extended_friend_declarations
    Feature record: CXX_FEATURE:1cxx_extern_templates
    Feature record: CXX_FEATURE:1cxx_final
    Feature record: CXX_FEATURE:1cxx_func_identifier
    Feature record: CXX_FEATURE:1cxx_generalized_initializers
    Feature record: CXX_FEATURE:1cxx_generic_lambdas
    Feature record: CXX_FEATURE:1cxx_inheriting_constructors
    Feature record: CXX_FEATURE:1cxx_inline_namespaces
    Feature record: CXX_FEATURE:1cxx_lambdas
    Feature record: CXX_FEATURE:1cxx_lambda_init_captures
    Feature record: CXX_FEATURE:1cxx_local_type_template_args
    Feature record: CXX_FEATURE:1cxx_long_long_type
    Feature record: CXX_FEATURE:1cxx_noexcept
    Feature record: CXX_FEATURE:1cxx_nonstatic_member_init
    Feature record: CXX_FEATURE:1cxx_nullptr
    Feature record: CXX_FEATURE:1cxx_override
    Feature record: CXX_FEATURE:1cxx_range_for
    Feature record: CXX_FEATURE:1cxx_raw_string_literals
    Feature record: CXX_FEATURE:1cxx_reference_qualified_functions
    Feature record: CXX_FEATURE:1cxx_relaxed_constexpr
    Feature record: CXX_FEATURE:1cxx_return_type_deduction
    Feature record: CXX_FEATURE:1cxx_right_angle_brackets
    Feature record: CXX_FEATURE:1cxx_rvalue_references
    Feature record: CXX_FEATURE:1cxx_sizeof_member
    Feature record: CXX_FEATURE:1cxx_static_assert
    Feature record: CXX_FEATURE:1cxx_strong_enums
    Feature record: CXX_FEATURE:1cxx_template_template_parameters
    Feature record: CXX_FEATURE:1cxx_thread_local
    Feature record: CXX_FEATURE:1cxx_trailing_return_types
    Feature record: CXX_FEATURE:1cxx_unicode_literals
    Feature record: CXX_FEATURE:1cxx_uniform_initialization
    Feature record: CXX_FEATURE:1cxx_unrestricted_unions
    Feature record: CXX_FEATURE:1cxx_user_literals
    Feature record: CXX_FEATURE:1cxx_variable_templates
    Feature record: CXX_FEATURE:1cxx_variadic_macros
    Feature record: CXX_FEATURE:1cxx_variadic_templates


Detecting CXX [-std=c++14] compiler features compiled with the following output:
Change Dir: /stash/tlab/wwoods/dev/job_stream/python/CMakeFiles/CMakeTmp

Run Build Command:"/usr/bin/make" "cmTC_97a1a/fast"
/usr/bin/make -f CMakeFiles/cmTC_97a1a.dir/build.make CMakeFiles/cmTC_97a1a.dir/build
make[1]: Entering directory '/stash/tlab/wwoods/dev/job_stream/python/CMakeFiles/CMakeTmp'
Building CXX object CMakeFiles/cmTC_97a1a.dir/feature_tests.cxx.o
/u/wwoods/bin/c++    -std=c++14 -o CMakeFiles/cmTC_97a1a.dir/feature_tests.cxx.o -c /stash/tlab/wwoods/dev/job_stream/python/CMakeFiles/feature_tests.cxx
Linking CXX executable cmTC_97a1a
/u/wwoods/.linuxbrew/Cellar/cmake/3.10.2/bin/cmake -E cmake_link_script CMakeFiles/cmTC_97a1a.dir/link.txt --verbose=1
/u/wwoods/bin/c++       -rdynamic CMakeFiles/cmTC_97a1a.dir/feature_tests.cxx.o  -o cmTC_97a1a 
make[1]: Leaving directory '/stash/tlab/wwoods/dev/job_stream/python/CMakeFiles/CMakeTmp'


    Feature record: CXX_FEATURE:1cxx_aggregate_default_initializers
    Feature record: CXX_FEATURE:1cxx_alias_templates
    Feature record: CXX_FEATURE:1cxx_alignas
    Feature record: CXX_FEATURE:1cxx_alignof
    Feature record: CXX_FEATURE:1cxx_attributes
    Feature record: CXX_FEATURE:1cxx_attribute_deprecated
    Feature record: CXX_FEATURE:1cxx_auto_type
    Feature record: CXX_FEATURE:1cxx_binary_literals
    Feature record: CXX_FEATURE:1cxx_constexpr
    Feature record: CXX_FEATURE:1cxx_contextual_conversions
    Feature record: CXX_FEATURE:1cxx_decltype
    Feature record: CXX_FEATURE:1cxx_decltype_auto
    Feature record: CXX_FEATURE:1cxx_decltype_incomplete_return_types
    Feature record: CXX_FEATURE:1cxx_default_function_template_args
    Feature record: CXX_FEATURE:1cxx_defaulted_functions
    Feature record: CXX_FEATURE:1cxx_defaulted_move_initializers
    Feature record: CXX_FEATURE:1cxx_delegating_constructors
    Feature record: CXX_FEATURE:1cxx_deleted_functions
    Feature record: CXX_FEATURE:1cxx_digit_separators
    Feature record: CXX_FEATURE:1cxx_enum_forward_declarations
    Feature record: CXX_FEATURE:1cxx_explicit_conversions
    Feature record: CXX_FEATURE:1cxx_extended_friend_declarations
    Feature record: CXX_FEATURE:1cxx_extern_templates
    Feature record: CXX_FEATURE:1cxx_final
    Feature record: CXX_FEATURE:1cxx_func_identifier
    Feature record: CXX_FEATURE:1cxx_generalized_initializers
    Feature record: CXX_FEATURE:1cxx_generic_lambdas
    Feature record: CXX_FEATURE:1cxx_inheriting_constructors
    Feature record: CXX_FEATURE:1cxx_inline_namespaces
    Feature record: CXX_FEATURE:1cxx_lambdas
    Feature record: CXX_FEATURE:1cxx_lambda_init_captures
    Feature record: CXX_FEATURE:1cxx_local_type_template_args
    Feature record: CXX_FEATURE:1cxx_long_long_type
    Feature record: CXX_FEATURE:1cxx_noexcept
    Feature record: CXX_FEATURE:1cxx_nonstatic_member_init
    Feature record: CXX_FEATURE:1cxx_nullptr
    Feature record: CXX_FEATURE:1cxx_override
    Feature record: CXX_FEATURE:1cxx_range_for
    Feature record: CXX_FEATURE:1cxx_raw_string_literals
    Feature record: CXX_FEATURE:1cxx_reference_qualified_functions
    Feature record: CXX_FEATURE:1cxx_relaxed_constexpr
    Feature record: CXX_FEATURE:1cxx_return_type_deduction
    Feature record: CXX_FEATURE:1cxx_right_angle_brackets
    Feature record: CXX_FEATURE:1cxx_rvalue_references
    Feature record: CXX_FEATURE:1cxx_sizeof_member
    Feature record: CXX_FEATURE:1cxx_static_assert
    Feature record: CXX_FEATURE:1cxx_strong_enums
    Feature record: CXX_FEATURE:1cxx_template_template_parameters
    Feature record: CXX_FEATURE:1cxx_thread_local
    Feature record: CXX_FEATURE:1cxx_trailing_return_types
    Feature record: CXX_FEATURE:1cxx_unicode_literals
    Feature record: CXX_FEATURE:1cxx_uniform_initialization
    Feature record: CXX_FEATURE:1cxx_unrestricted_unions
    Feature record: CXX_FEATURE:1cxx_user_literals
    Feature record: CXX_FEATURE:1cxx_variable_templates
    Feature record: CXX_FEATURE:1cxx_variadic_macros
    Feature record: CXX_FEATURE:1cxx_variadic_templates


Detecting CXX [-std=c++11] compiler features compiled with the following output:
Change Dir: /stash/tlab/wwoods/dev/job_stream/python/CMakeFiles/CMakeTmp

Run Build Command:"/usr/bin/make" "cmTC_0ad2f/fast"
/usr/bin/make -f CMakeFiles/cmTC_0ad2f.dir/build.make CMakeFiles/cmTC_0ad2f.dir/build
make[1]: Entering directory '/stash/tlab/wwoods/dev/job_stream/python/CMakeFiles/CMakeTmp'
Building CXX object CMakeFiles/cmTC_0ad2f.dir/feature_tests.cxx.o
/u/wwoods/bin/c++    -std=c++11 -o CMakeFiles/cmTC_0ad2f.dir/feature_tests.cxx.o -c /stash/tlab/wwoods/dev/job_stream/python/CMakeFiles/feature_tests.cxx
Linking CXX executable cmTC_0ad2f
/u/wwoods/.linuxbrew/Cellar/cmake/3.10.2/bin/cmake -E cmake_link_script CMakeFiles/cmTC_0ad2f.dir/link.txt --verbose=1
/u/wwoods/bin/c++       -rdynamic CMakeFiles/cmTC_0ad2f.dir/feature_tests.cxx.o  -o cmTC_0ad2f 
make[1]: Leaving directory '/stash/tlab/wwoods/dev/job_stream/python/CMakeFiles/CMakeTmp'


    Feature record: CXX_FEATURE:0cxx_aggregate_default_initializers
    Feature record: CXX_FEATURE:1cxx_alias_templates
    Feature record: CXX_FEATURE:1cxx_alignas
    Feature record: CXX_FEATURE:1cxx_alignof
    Feature record: CXX_FEATURE:1cxx_attributes
    Feature record: CXX_FEATURE:0cxx_attribute_deprecated
    Feature record: CXX_FEATURE:1cxx_auto_type
    Feature record: CXX_FEATURE:0cxx_binary_literals
    Feature record: CXX_FEATURE:1cxx_constexpr
    Feature record: CXX_FEATURE:0cxx_contextual_conversions
    Feature record: CXX_FEATURE:1cxx_decltype
    Feature record: CXX_FEATURE:0cxx_decltype_auto
    Feature record: CXX_FEATURE:1cxx_decltype_incomplete_return_types
    Feature record: CXX_FEATURE:1cxx_default_function_template_args
    Feature record: CXX_FEATURE:1cxx_defaulted_functions
    Feature record: CXX_FEATURE:1cxx_defaulted_move_initializers
    Feature record: CXX_FEATURE:1cxx_delegating_constructors
    Feature record: CXX_FEATURE:1cxx_deleted_functions
    Feature record: CXX_FEATURE:0cxx_digit_separators
    Feature record: CXX_FEATURE:1cxx_enum_forward_declarations
    Feature record: CXX_FEATURE:1cxx_explicit_conversions
    Feature record: CXX_FEATURE:1cxx_extended_friend_declarations
    Feature record: CXX_FEATURE:1cxx_extern_templates
    Feature record: CXX_FEATURE:1cxx_final
    Feature record: CXX_FEATURE:1cxx_func_identifier
    Feature record: CXX_FEATURE:1cxx_generalized_initializers
    Feature record: CXX_FEATURE:0cxx_generic_lambdas
    Feature record: CXX_FEATURE:1cxx_inheriting_constructors
    Feature record: CXX_FEATURE:1cxx_inline_namespaces
    Feature record: CXX_FEATURE:1cxx_lambdas
    Feature record: CXX_FEATURE:0cxx_lambda_init_captures
    Feature record: CXX_FEATURE:1cxx_local_type_template_args
    Feature record: CXX_FEATURE:1cxx_long_long_type
    Feature record: CXX_FEATURE:1cxx_noexcept
    Feature record: CXX_FEATURE:1cxx_nonstatic_member_init
    Feature record: CXX_FEATURE:1cxx_nullptr
    Feature record: CXX_FEATURE:1cxx_override
    Feature record: CXX_FEATURE:1cxx_range_for
    Feature record: CXX_FEATURE:1cxx_raw_string_literals
    Feature record: CXX_FEATURE:1cxx_reference_qualified_functions
    Feature record: CXX_FEATURE:0cxx_relaxed_constexpr
    Feature record: CXX_FEATURE:0cxx_return_type_deduction
    Feature record: CXX_FEATURE:1cxx_right_angle_brackets
    Feature record: CXX_FEATURE:1cxx_rvalue_references
    Feature record: CXX_FEATURE:1cxx_sizeof_member
    Feature record: CXX_FEATURE:1cxx_static_assert
    Feature record: CXX_FEATURE:1cxx_strong_enums
    Feature record: CXX_FEATURE:1cxx_template_template_parameters
    Feature record: CXX_FEATURE:1cxx_thread_local
    Feature record: CXX_FEATURE:1cxx_trailing_return_types
    Feature record: CXX_FEATURE:1cxx_unicode_literals
    Feature record: CXX_FEATURE:1cxx_uniform_initialization
    Feature record: CXX_FEATURE:1cxx_unrestricted_unions
    Feature record: CXX_FEATURE:1cxx_user_literals
    Feature record: CXX_FEATURE:0cxx_variable_templates
    Feature record: CXX_FEATURE:1cxx_variadic_macros
    Feature record: CXX_FEATURE:1cxx_variadic_templates


Detecting CXX [-std=c++98] compiler features compiled with the following output:
Change Dir: /stash/tlab/wwoods/dev/job_stream/python/CMakeFiles/CMakeTmp

Run Build Command:"/usr/bin/make" "cmTC_4caf0/fast"
/usr/bin/make -f CMakeFiles/cmTC_4caf0.dir/build.make CMakeFiles/cmTC_4caf0.dir/build
make[1]: Entering directory '/stash/tlab/wwoods/dev/job_stream/python/CMakeFiles/CMakeTmp'
Building CXX object CMakeFiles/cmTC_4caf0.dir/feature_tests.cxx.o
/u/wwoods/bin/c++    -std=c++98 -o CMakeFiles/cmTC_4caf0.dir/feature_tests.cxx.o -c /stash/tlab/wwoods/dev/job_stream/python/CMakeFiles/feature_tests.cxx
Linking CXX executable cmTC_4caf0
/u/wwoods/.linuxbrew/Cellar/cmake/3.10.2/bin/cmake -E cmake_link_script CMakeFiles/cmTC_4caf0.dir/link.txt --verbose=1
/u/wwoods/bin/c++       -rdynamic CMakeFiles/cmTC_4caf0.dir/feature_tests.cxx.o  -o cmTC_4caf0 
make[1]: Leaving directory '/stash/tlab/wwoods/dev/job_stream/python/CMakeFiles/CMakeTmp'


    Feature record: CXX_FEATURE:0cxx_aggregate_default_initializers
    Feature record: CXX_FEATURE:0cxx_alias_templates
    Feature record: CXX_FEATURE:0cxx_alignas
    Feature record: CXX_FEATURE:0cxx_alignof
    Feature record: CXX_FEATURE:0cxx_attributes
    Feature record: CXX_FEATURE:0cxx_attribute_deprecated
    Feature record: CXX_FEATURE:0cxx_auto_type
    Feature record: CXX_FEATURE:0cxx_binary_literals
    Feature record: CXX_FEATURE:0cxx_constexpr
    Feature record: CXX_FEATURE:0cxx_contextual_conversions
    Feature record: CXX_FEATURE:0cxx_decltype
    Feature record: CXX_FEATURE:0cxx_decltype_auto
    Feature record: CXX_FEATURE:0cxx_decltype_incomplete_return_types
    Feature record: CXX_FEATURE:0cxx_default_function_template_args
    Feature record: CXX_FEATURE:0cxx_defaulted_functions
    Feature record: CXX_FEATURE:0cxx_defaulted_move_initializers
    Feature record: CXX_FEATURE:0cxx_delegating_constructors
    Feature record: CXX_FEATURE:0cxx_deleted_functions
    Feature record: CXX_FEATURE:0cxx_digit_separators
    Feature record: CXX_FEATURE:0cxx_enum_forward_declarations
    Feature record: CXX_FEATURE:0cxx_explicit_conversions
    Feature record: CXX_FEATURE:0cxx_extended_friend_declarations
    Feature record: CXX_FEATURE:0cxx_extern_templates
    Feature record: CXX_FEATURE:0cxx_final
    Feature record: CXX_FEATURE:0cxx_func_identifier
    Feature record: CXX_FEATURE:0cxx_generalized_initializers
    Feature record: CXX_FEATURE:0cxx_generic_lambdas
    Feature record: CXX_FEATURE:0cxx_inheriting_constructors
    Feature record: CXX_FEATURE:0cxx_inline_namespaces
    Feature record: CXX_FEATURE:0cxx_lambdas
    Feature record: CXX_FEATURE:0cxx_lambda_init_captures
    Feature record: CXX_FEATURE:0cxx_local_type_template_args
    Feature record: CXX_FEATURE:0cxx_long_long_type
    Feature record: CXX_FEATURE:0cxx_noexcept
    Feature record: CXX_FEATURE:0cxx_nonstatic_member_init
    Feature record: CXX_FEATURE:0cxx_nullptr
    Feature record: CXX_FEATURE:0cxx_override
    Feature record: CXX_FEATURE:0cxx_range_for
    Feature record: CXX_FEATURE:0cxx_raw_string_literals
    Feature record: CXX_FEATURE:0cxx_reference_qualified_functions
    Feature record: CXX_FEATURE:0cxx_relaxed_constexpr
    Feature record: CXX_FEATURE:0cxx_return_type_deduction
    Feature record: CXX_FEATURE:0cxx_right_angle_brackets
    Feature record: CXX_FEATURE:0cxx_rvalue_references
    Feature record: CXX_FEATURE:0cxx_sizeof_member
    Feature record: CXX_FEATURE:0cxx_static_assert
    Feature record: CXX_FEATURE:0cxx_strong_enums
    Feature record: CXX_FEATURE:1cxx_template_template_parameters
    Feature record: CXX_FEATURE:0cxx_thread_local
    Feature record: CXX_FEATURE:0cxx_trailing_return_types
    Feature record: CXX_FEATURE:0cxx_unicode_literals
    Feature record: CXX_FEATURE:0cxx_uniform_initialization
    Feature record: CXX_FEATURE:0cxx_unrestricted_unions
    Feature record: CXX_FEATURE:0cxx_user_literals
    Feature record: CXX_FEATURE:0cxx_variable_templates
    Feature record: CXX_FEATURE:0cxx_variadic_macros
    Feature record: CXX_FEATURE:0cxx_variadic_templates
